<?xml version="1.0" encoding="UTF-8"?>
<testsuite failures="0" skip="0" tests="8" name="Acceptance" errors="0">
<testcase classname="Acceptance.Basic Tests" name="Basic Test" time="13">
</testcase>
<testcase classname="Acceptance.Basic Tests" name="Open Available Jobs" time="17">
</testcase>
<testcase classname="Acceptance.Basic Tests" name="Focus Jobs" time="10">
</testcase>
<testcase classname="Acceptance.Basic Tests" name="Type Text" time="11">
</testcase>
<testcase classname="Acceptance.Basic Tests" name="Check Chief Filter" time="4">
</testcase>
<testcase classname="Acceptance.Basic Tests" name="Click Dropdown" time="2">
</testcase>
<testcase classname="Acceptance.Basic Tests" name="Category Java" time="3">
</testcase>
<testcase classname="Acceptance.Basic Tests" name="Click Companies" time="6">
</testcase>
</testsuite>
